<?xml version="1.0" encoding="UTF-8"?>
<testng-results skipped="0" failed="0" ignored="0" total="1" passed="1">
  <reporter-output>
  </reporter-output>
  <suite name="ScreenshotUtility" duration-ms="22988" started-at="2018-07-20T05:12:40Z" finished-at="2018-07-20T05:13:03Z">
    <groups>
    </groups>
    <test name="capturescreen" duration-ms="22988" started-at="2018-07-20T05:12:40Z" finished-at="2018-07-20T05:13:03Z">
      <class name="screenshot.Login">
        <test-method status="PASS" signature="loginToOEM()[pri:0, instance:screenshot.Login@3bfdc050]" name="loginToOEM" duration-ms="22957" started-at="2018-07-20T05:12:40Z" finished-at="2018-07-20T05:13:03Z">
          <reporter-output>
          </reporter-output>
        </test-method> <!-- loginToOEM -->
      </class> <!-- screenshot.Login -->
    </test> <!-- capturescreen -->
  </suite> <!-- ScreenshotUtility -->
</testng-results>
